{"/home/joshua/Escritorio/retro-board/src/components/Card/Card.styled.ts": {"path":"/home/joshua/Escritorio/retro-board/src/components/Card/Card.styled.ts","all":false,"statementMap":{"0":{"start":{"line":1,"column":0},"end":{"line":1,"column":37}},"1":{"start":{"line":2,"column":0},"end":{"line":2,"column":35}},"2":{"start":{"line":3,"column":0},"end":{"line":3,"column":0}},"3":{"start":{"line":4,"column":0},"end":{"line":4,"column":39}},"4":{"start":{"line":5,"column":0},"end":{"line":5,"column":19}},"5":{"start":{"line":6,"column":0},"end":{"line":6,"column":20}},"6":{"start":{"line":7,"column":0},"end":{"line":7,"column":36}},"7":{"start":{"line":8,"column":0},"end":{"line":8,"column":24}},"8":{"start":{"line":9,"column":0},"end":{"line":9,"column":36}},"9":{"start":{"line":10,"column":0},"end":{"line":10,"column":24}},"10":{"start":{"line":11,"column":0},"end":{"line":11,"column":36}},"11":{"start":{"line":12,"column":0},"end":{"line":12,"column":3}},"12":{"start":{"line":13,"column":0},"end":{"line":13,"column":2}},"13":{"start":{"line":14,"column":0},"end":{"line":14,"column":0}},"14":{"start":{"line":15,"column":0},"end":{"line":15,"column":27}},"15":{"start":{"line":16,"column":0},"end":{"line":16,"column":17}},"16":{"start":{"line":17,"column":0},"end":{"line":17,"column":1}},"17":{"start":{"line":18,"column":0},"end":{"line":18,"column":0}},"18":{"start":{"line":19,"column":0},"end":{"line":19,"column":47}},"19":{"start":{"line":20,"column":0},"end":{"line":20,"column":25}},"20":{"start":{"line":21,"column":0},"end":{"line":21,"column":59}},"21":{"start":{"line":22,"column":0},"end":{"line":22,"column":20}},"22":{"start":{"line":23,"column":0},"end":{"line":23,"column":15}},"23":{"start":{"line":24,"column":0},"end":{"line":24,"column":22}},"24":{"start":{"line":25,"column":0},"end":{"line":25,"column":15}},"25":{"start":{"line":26,"column":0},"end":{"line":26,"column":31}},"26":{"start":{"line":27,"column":0},"end":{"line":27,"column":21}},"27":{"start":{"line":28,"column":0},"end":{"line":28,"column":19}},"28":{"start":{"line":29,"column":0},"end":{"line":29,"column":18}},"29":{"start":{"line":30,"column":0},"end":{"line":30,"column":20}},"30":{"start":{"line":31,"column":0},"end":{"line":31,"column":15}},"31":{"start":{"line":32,"column":0},"end":{"line":32,"column":16}},"32":{"start":{"line":33,"column":0},"end":{"line":33,"column":16}},"33":{"start":{"line":34,"column":0},"end":{"line":34,"column":33}},"34":{"start":{"line":35,"column":0},"end":{"line":35,"column":65}},"35":{"start":{"line":36,"column":0},"end":{"line":36,"column":21}},"36":{"start":{"line":37,"column":0},"end":{"line":37,"column":2}},"37":{"start":{"line":38,"column":0},"end":{"line":38,"column":0}},"38":{"start":{"line":39,"column":0},"end":{"line":39,"column":38}},"39":{"start":{"line":40,"column":0},"end":{"line":40,"column":18}},"40":{"start":{"line":41,"column":0},"end":{"line":41,"column":2}},"41":{"start":{"line":42,"column":0},"end":{"line":42,"column":0}},"42":{"start":{"line":43,"column":0},"end":{"line":43,"column":37}},"43":{"start":{"line":44,"column":0},"end":{"line":44,"column":21}},"44":{"start":{"line":45,"column":0},"end":{"line":45,"column":32}},"45":{"start":{"line":46,"column":0},"end":{"line":46,"column":15}},"46":{"start":{"line":47,"column":0},"end":{"line":47,"column":16}},"47":{"start":{"line":48,"column":0},"end":{"line":48,"column":17}},"48":{"start":{"line":49,"column":0},"end":{"line":49,"column":11}},"49":{"start":{"line":50,"column":0},"end":{"line":50,"column":9}},"50":{"start":{"line":51,"column":0},"end":{"line":51,"column":16}},"51":{"start":{"line":52,"column":0},"end":{"line":52,"column":26}},"52":{"start":{"line":53,"column":0},"end":{"line":53,"column":22}},"53":{"start":{"line":54,"column":0},"end":{"line":54,"column":35}},"54":{"start":{"line":55,"column":0},"end":{"line":55,"column":0}},"55":{"start":{"line":56,"column":0},"end":{"line":56,"column":12}},"56":{"start":{"line":57,"column":0},"end":{"line":57,"column":31}},"57":{"start":{"line":58,"column":0},"end":{"line":58,"column":3}},"58":{"start":{"line":59,"column":0},"end":{"line":59,"column":2}},"59":{"start":{"line":60,"column":0},"end":{"line":60,"column":0}},"60":{"start":{"line":61,"column":0},"end":{"line":61,"column":40}},"61":{"start":{"line":62,"column":0},"end":{"line":62,"column":21}},"62":{"start":{"line":63,"column":0},"end":{"line":63,"column":32}},"63":{"start":{"line":64,"column":0},"end":{"line":64,"column":14}},"64":{"start":{"line":65,"column":0},"end":{"line":65,"column":15}},"65":{"start":{"line":66,"column":0},"end":{"line":66,"column":14}},"66":{"start":{"line":67,"column":0},"end":{"line":67,"column":12}},"67":{"start":{"line":68,"column":0},"end":{"line":68,"column":16}},"68":{"start":{"line":69,"column":0},"end":{"line":69,"column":26}},"69":{"start":{"line":70,"column":0},"end":{"line":70,"column":22}},"70":{"start":{"line":71,"column":0},"end":{"line":71,"column":19}},"71":{"start":{"line":72,"column":0},"end":{"line":72,"column":18}},"72":{"start":{"line":73,"column":0},"end":{"line":73,"column":20}},"73":{"start":{"line":74,"column":0},"end":{"line":74,"column":15}},"74":{"start":{"line":75,"column":0},"end":{"line":75,"column":2}},"75":{"start":{"line":76,"column":0},"end":{"line":76,"column":0}},"76":{"start":{"line":77,"column":0},"end":{"line":77,"column":34}},"77":{"start":{"line":78,"column":0},"end":{"line":78,"column":14}},"78":{"start":{"line":79,"column":0},"end":{"line":79,"column":15}},"79":{"start":{"line":80,"column":0},"end":{"line":80,"column":20}},"80":{"start":{"line":81,"column":0},"end":{"line":81,"column":17}},"81":{"start":{"line":82,"column":0},"end":{"line":82,"column":2}}},"s":{"0":1,"1":1,"2":1,"3":1,"4":26,"5":26,"6":22,"7":26,"8":2,"9":26,"10":2,"11":26,"12":26,"13":1,"14":1,"15":1,"16":1,"17":1,"18":1,"19":1,"20":1,"21":1,"22":1,"23":1,"24":1,"25":1,"26":1,"27":1,"28":1,"29":1,"30":1,"31":1,"32":1,"33":1,"34":1,"35":1,"36":1,"37":1,"38":1,"39":1,"40":1,"41":1,"42":1,"43":1,"44":1,"45":1,"46":1,"47":1,"48":1,"49":1,"50":1,"51":1,"52":1,"53":1,"54":1,"55":1,"56":1,"57":1,"58":1,"59":1,"60":1,"61":1,"62":1,"63":1,"64":1,"65":1,"66":1,"67":1,"68":1,"69":1,"70":1,"71":1,"72":1,"73":1,"74":1,"75":1,"76":1,"77":1,"78":1,"79":1,"80":1,"81":1},"branchMap":{"0":{"type":"branch","line":4,"loc":{"start":{"line":4,"column":17},"end":{"line":13,"column":2}},"locations":[{"start":{"line":4,"column":17},"end":{"line":13,"column":2}}]},"1":{"type":"branch","line":6,"loc":{"start":{"line":6,"column":4},"end":{"line":7,"column":36}},"locations":[{"start":{"line":6,"column":4},"end":{"line":7,"column":36}}]},"2":{"type":"branch","line":8,"loc":{"start":{"line":8,"column":4},"end":{"line":9,"column":36}},"locations":[{"start":{"line":8,"column":4},"end":{"line":9,"column":36}}]},"3":{"type":"branch","line":10,"loc":{"start":{"line":10,"column":4},"end":{"line":11,"column":36}},"locations":[{"start":{"line":10,"column":4},"end":{"line":11,"column":36}}]},"4":{"type":"branch","line":21,"loc":{"start":{"line":21,"column":22},"end":{"line":21,"column":59}},"locations":[{"start":{"line":21,"column":22},"end":{"line":21,"column":59}}]},"5":{"type":"branch","line":35,"loc":{"start":{"line":35,"column":28},"end":{"line":35,"column":65}},"locations":[{"start":{"line":35,"column":28},"end":{"line":35,"column":65}}]},"6":{"type":"branch","line":35,"loc":{"start":{"line":35,"column":62},"end":{"line":35,"column":65}},"locations":[{"start":{"line":35,"column":62},"end":{"line":35,"column":65}}]},"7":{"type":"branch","line":39,"loc":{"start":{"line":39,"column":34},"end":{"line":39,"column":38}},"locations":[{"start":{"line":39,"column":34},"end":{"line":39,"column":38}}]},"8":{"type":"branch","line":43,"loc":{"start":{"line":43,"column":30},"end":{"line":43,"column":37}},"locations":[{"start":{"line":43,"column":30},"end":{"line":43,"column":37}}]},"9":{"type":"branch","line":61,"loc":{"start":{"line":61,"column":33},"end":{"line":61,"column":40}},"locations":[{"start":{"line":61,"column":33},"end":{"line":61,"column":40}}]},"10":{"type":"branch","line":77,"loc":{"start":{"line":77,"column":30},"end":{"line":77,"column":34}},"locations":[{"start":{"line":77,"column":30},"end":{"line":77,"column":34}}]}},"b":{"0":[26],"1":[22],"2":[2],"3":[2],"4":[13],"5":[13],"6":[13],"7":[13],"8":[13],"9":[13],"10":[13]},"fnMap":{"0":{"name":"getColor","decl":{"start":{"line":4,"column":17},"end":{"line":13,"column":2}},"loc":{"start":{"line":4,"column":17},"end":{"line":13,"column":2}},"line":4},"1":{"name":"get","decl":{"start":{"line":35,"column":62},"end":{"line":35,"column":65}},"loc":{"start":{"line":35,"column":62},"end":{"line":35,"column":65}},"line":35},"2":{"name":"get","decl":{"start":{"line":39,"column":34},"end":{"line":39,"column":38}},"loc":{"start":{"line":39,"column":34},"end":{"line":39,"column":38}},"line":39},"3":{"name":"get","decl":{"start":{"line":43,"column":30},"end":{"line":43,"column":37}},"loc":{"start":{"line":43,"column":30},"end":{"line":43,"column":37}},"line":43},"4":{"name":"get","decl":{"start":{"line":61,"column":33},"end":{"line":61,"column":40}},"loc":{"start":{"line":61,"column":33},"end":{"line":61,"column":40}},"line":61},"5":{"name":"get","decl":{"start":{"line":77,"column":30},"end":{"line":77,"column":34}},"loc":{"start":{"line":77,"column":30},"end":{"line":77,"column":34}},"line":77}},"f":{"0":26,"1":13,"2":13,"3":13,"4":13,"5":13}}
,"/home/joshua/Escritorio/retro-board/src/components/Card/Card.tsx": {"path":"/home/joshua/Escritorio/retro-board/src/components/Card/Card.tsx","all":false,"statementMap":{"0":{"start":{"line":1,"column":0},"end":{"line":1,"column":45}},"1":{"start":{"line":2,"column":0},"end":{"line":2,"column":8}},"2":{"start":{"line":3,"column":0},"end":{"line":3,"column":21}},"3":{"start":{"line":4,"column":0},"end":{"line":4,"column":10}},"4":{"start":{"line":5,"column":0},"end":{"line":5,"column":10}},"5":{"start":{"line":6,"column":0},"end":{"line":6,"column":13}},"6":{"start":{"line":7,"column":0},"end":{"line":7,"column":14}},"7":{"start":{"line":8,"column":0},"end":{"line":8,"column":23}},"8":{"start":{"line":9,"column":0},"end":{"line":9,"column":33}},"9":{"start":{"line":10,"column":0},"end":{"line":10,"column":45}},"10":{"start":{"line":11,"column":0},"end":{"line":11,"column":50}},"11":{"start":{"line":12,"column":0},"end":{"line":12,"column":0}},"12":{"start":{"line":13,"column":0},"end":{"line":13,"column":26}},"13":{"start":{"line":14,"column":0},"end":{"line":14,"column":11}},"14":{"start":{"line":15,"column":0},"end":{"line":15,"column":10}},"15":{"start":{"line":16,"column":0},"end":{"line":16,"column":5}},"16":{"start":{"line":17,"column":0},"end":{"line":17,"column":10}},"17":{"start":{"line":18,"column":0},"end":{"line":18,"column":9}},"18":{"start":{"line":19,"column":0},"end":{"line":19,"column":9}},"19":{"start":{"line":20,"column":0},"end":{"line":20,"column":8}},"20":{"start":{"line":21,"column":0},"end":{"line":21,"column":7}},"21":{"start":{"line":22,"column":0},"end":{"line":22,"column":48}},"22":{"start":{"line":23,"column":0},"end":{"line":23,"column":45}},"23":{"start":{"line":24,"column":0},"end":{"line":24,"column":0}},"24":{"start":{"line":25,"column":0},"end":{"line":25,"column":53}},"25":{"start":{"line":26,"column":0},"end":{"line":26,"column":0}},"26":{"start":{"line":27,"column":0},"end":{"line":27,"column":24}},"27":{"start":{"line":28,"column":0},"end":{"line":28,"column":21}},"28":{"start":{"line":29,"column":0},"end":{"line":29,"column":4}},"29":{"start":{"line":30,"column":0},"end":{"line":30,"column":0}},"30":{"start":{"line":31,"column":0},"end":{"line":31,"column":28}},"31":{"start":{"line":32,"column":0},"end":{"line":32,"column":67}},"32":{"start":{"line":33,"column":0},"end":{"line":33,"column":27}},"33":{"start":{"line":34,"column":0},"end":{"line":34,"column":23}},"34":{"start":{"line":35,"column":0},"end":{"line":35,"column":36}},"35":{"start":{"line":36,"column":0},"end":{"line":36,"column":5}},"36":{"start":{"line":37,"column":0},"end":{"line":37,"column":22}},"37":{"start":{"line":38,"column":0},"end":{"line":38,"column":4}},"38":{"start":{"line":39,"column":0},"end":{"line":39,"column":0}},"39":{"start":{"line":40,"column":0},"end":{"line":40,"column":10}},"40":{"start":{"line":41,"column":0},"end":{"line":41,"column":40}},"41":{"start":{"line":42,"column":0},"end":{"line":42,"column":18}},"42":{"start":{"line":43,"column":0},"end":{"line":43,"column":23}},"43":{"start":{"line":44,"column":0},"end":{"line":44,"column":45}},"44":{"start":{"line":45,"column":0},"end":{"line":45,"column":33}},"45":{"start":{"line":46,"column":0},"end":{"line":46,"column":30}},"46":{"start":{"line":47,"column":0},"end":{"line":47,"column":19}},"47":{"start":{"line":48,"column":0},"end":{"line":48,"column":10}},"48":{"start":{"line":49,"column":0},"end":{"line":49,"column":27}},"49":{"start":{"line":50,"column":0},"end":{"line":50,"column":20}},"50":{"start":{"line":51,"column":0},"end":{"line":51,"column":7}},"51":{"start":{"line":52,"column":0},"end":{"line":52,"column":14}},"52":{"start":{"line":53,"column":0},"end":{"line":53,"column":20}},"53":{"start":{"line":54,"column":0},"end":{"line":54,"column":0}},"54":{"start":{"line":55,"column":0},"end":{"line":55,"column":14}},"55":{"start":{"line":56,"column":0},"end":{"line":56,"column":25}},"56":{"start":{"line":57,"column":0},"end":{"line":57,"column":24}},"57":{"start":{"line":58,"column":0},"end":{"line":58,"column":22}},"58":{"start":{"line":59,"column":0},"end":{"line":59,"column":10}},"59":{"start":{"line":60,"column":0},"end":{"line":60,"column":7}},"60":{"start":{"line":61,"column":0},"end":{"line":61,"column":78}},"61":{"start":{"line":62,"column":0},"end":{"line":62,"column":16}},"62":{"start":{"line":63,"column":0},"end":{"line":63,"column":0}},"63":{"start":{"line":64,"column":0},"end":{"line":64,"column":17}},"64":{"start":{"line":65,"column":0},"end":{"line":65,"column":23}},"65":{"start":{"line":66,"column":0},"end":{"line":66,"column":24}},"66":{"start":{"line":67,"column":0},"end":{"line":67,"column":21}},"67":{"start":{"line":68,"column":0},"end":{"line":68,"column":10}},"68":{"start":{"line":69,"column":0},"end":{"line":69,"column":7}},"69":{"start":{"line":70,"column":0},"end":{"line":70,"column":68}},"70":{"start":{"line":71,"column":0},"end":{"line":71,"column":19}},"71":{"start":{"line":72,"column":0},"end":{"line":72,"column":17}},"72":{"start":{"line":73,"column":0},"end":{"line":73,"column":4}},"73":{"start":{"line":74,"column":0},"end":{"line":74,"column":2}},"74":{"start":{"line":75,"column":0},"end":{"line":75,"column":0}},"75":{"start":{"line":76,"column":0},"end":{"line":76,"column":20}}},"s":{"0":1,"1":1,"2":1,"3":1,"4":1,"5":1,"6":1,"7":1,"8":1,"9":1,"10":1,"11":1,"12":1,"13":13,"14":13,"15":13,"16":13,"17":13,"18":13,"19":13,"20":13,"21":13,"22":13,"23":13,"24":13,"25":13,"26":13,"27":1,"28":1,"29":13,"30":13,"31":1,"32":1,"33":1,"34":1,"35":1,"36":1,"37":1,"38":13,"39":13,"40":13,"41":13,"42":13,"43":13,"44":13,"45":13,"46":1,"47":1,"48":13,"49":13,"50":13,"51":13,"52":13,"53":13,"54":13,"55":13,"56":13,"57":1,"58":1,"59":13,"60":13,"61":13,"62":13,"63":13,"64":13,"65":13,"66":1,"67":1,"68":13,"69":13,"70":13,"71":13,"72":13,"73":13,"74":1,"75":1},"branchMap":{"0":{"type":"branch","line":13,"loc":{"start":{"line":13,"column":24},"end":{"line":74,"column":2}},"locations":[{"start":{"line":13,"column":24},"end":{"line":74,"column":2}}]},"1":{"type":"branch","line":27,"loc":{"start":{"line":27,"column":17},"end":{"line":29,"column":4}},"locations":[{"start":{"line":27,"column":17},"end":{"line":29,"column":4}}]},"2":{"type":"branch","line":31,"loc":{"start":{"line":31,"column":21},"end":{"line":38,"column":4}},"locations":[{"start":{"line":31,"column":21},"end":{"line":38,"column":4}}]},"3":{"type":"branch","line":46,"loc":{"start":{"line":46,"column":23},"end":{"line":48,"column":10}},"locations":[{"start":{"line":46,"column":23},"end":{"line":48,"column":10}}]},"4":{"type":"branch","line":57,"loc":{"start":{"line":57,"column":17},"end":{"line":59,"column":10}},"locations":[{"start":{"line":57,"column":17},"end":{"line":59,"column":10}}]},"5":{"type":"branch","line":66,"loc":{"start":{"line":66,"column":17},"end":{"line":68,"column":10}},"locations":[{"start":{"line":66,"column":17},"end":{"line":68,"column":10}}]}},"b":{"0":[13],"1":[1],"2":[1],"3":[1],"4":[1],"5":[1]},"fnMap":{"0":{"name":"Card","decl":{"start":{"line":13,"column":24},"end":{"line":74,"column":2}},"loc":{"start":{"line":13,"column":24},"end":{"line":74,"column":2}},"line":13},"1":{"name":"change","decl":{"start":{"line":27,"column":17},"end":{"line":29,"column":4}},"loc":{"start":{"line":27,"column":17},"end":{"line":29,"column":4}},"line":27},"2":{"name":"onBlurCard","decl":{"start":{"line":31,"column":21},"end":{"line":38,"column":4}},"loc":{"start":{"line":31,"column":21},"end":{"line":38,"column":4}},"line":31},"3":{"name":"onDoubleClick","decl":{"start":{"line":46,"column":23},"end":{"line":48,"column":10}},"loc":{"start":{"line":46,"column":23},"end":{"line":48,"column":10}},"line":46},"4":{"name":"onClick","decl":{"start":{"line":57,"column":17},"end":{"line":59,"column":10}},"loc":{"start":{"line":57,"column":17},"end":{"line":59,"column":10}},"line":57},"5":{"name":"onClick","decl":{"start":{"line":66,"column":17},"end":{"line":68,"column":10}},"loc":{"start":{"line":66,"column":17},"end":{"line":68,"column":10}},"line":66}},"f":{"0":13,"1":1,"2":1,"3":1,"4":1,"5":1}}
}
